{"C:\\Users\\horia\\Faculta\\Sem4\\MPP\\tjf\\src\\repo\\Repository.jsx": {"path":"C:\\Users\\horia\\Faculta\\Sem4\\MPP\\tjf\\src\\repo\\Repository.jsx","statementMap":{"0":{"start":{"line":3,"column":4},"end":{"line":3,"column":33}},"1":{"start":{"line":4,"column":4},"end":{"line":4,"column":66}},"2":{"start":{"line":4,"column":53},"end":{"line":4,"column":59}},"3":{"start":{"line":8,"column":24},"end":{"line":8,"column":97}},"4":{"start":{"line":9,"column":4},"end":{"line":9,"column":37}},"5":{"start":{"line":10,"column":4},"end":{"line":10,"column":23}},"6":{"start":{"line":14,"column":4},"end":{"line":14,"column":53}},"7":{"start":{"line":14,"column":38},"end":{"line":14,"column":51}},"8":{"start":{"line":18,"column":28},"end":{"line":18,"column":91}},"9":{"start":{"line":19,"column":18},"end":{"line":19,"column":36}},"10":{"start":{"line":20,"column":4},"end":{"line":23,"column":5}},"11":{"start":{"line":21,"column":6},"end":{"line":21,"column":59}},"12":{"start":{"line":22,"column":6},"end":{"line":22,"column":35}},"13":{"start":{"line":24,"column":4},"end":{"line":24,"column":16}},"14":{"start":{"line":28,"column":4},"end":{"line":28,"column":68}},"15":{"start":{"line":28,"column":48},"end":{"line":28,"column":66}},"16":{"start":{"line":32,"column":18},"end":{"line":32,"column":36}},"17":{"start":{"line":33,"column":4},"end":{"line":36,"column":5}},"18":{"start":{"line":34,"column":6},"end":{"line":34,"column":38}},"19":{"start":{"line":35,"column":6},"end":{"line":35,"column":18}},"20":{"start":{"line":37,"column":4},"end":{"line":37,"column":17}},"21":{"start":{"line":41,"column":4},"end":{"line":41,"column":31}}},"fnMap":{"0":{"name":"(anonymous_0)","decl":{"start":{"line":2,"column":2},"end":{"line":2,"column":3}},"loc":{"start":{"line":2,"column":27},"end":{"line":5,"column":3}},"line":2},"1":{"name":"(anonymous_1)","decl":{"start":{"line":4,"column":46},"end":{"line":4,"column":47}},"loc":{"start":{"line":4,"column":53},"end":{"line":4,"column":59}},"line":4},"2":{"name":"(anonymous_2)","decl":{"start":{"line":7,"column":2},"end":{"line":7,"column":3}},"loc":{"start":{"line":7,"column":36},"end":{"line":11,"column":3}},"line":7},"3":{"name":"(anonymous_3)","decl":{"start":{"line":13,"column":2},"end":{"line":13,"column":3}},"loc":{"start":{"line":13,"column":11},"end":{"line":15,"column":3}},"line":13},"4":{"name":"(anonymous_4)","decl":{"start":{"line":14,"column":31},"end":{"line":14,"column":32}},"loc":{"start":{"line":14,"column":38},"end":{"line":14,"column":51}},"line":14},"5":{"name":"(anonymous_5)","decl":{"start":{"line":17,"column":2},"end":{"line":17,"column":3}},"loc":{"start":{"line":17,"column":49},"end":{"line":25,"column":3}},"line":17},"6":{"name":"(anonymous_6)","decl":{"start":{"line":27,"column":2},"end":{"line":27,"column":3}},"loc":{"start":{"line":27,"column":16},"end":{"line":29,"column":3}},"line":27},"7":{"name":"(anonymous_7)","decl":{"start":{"line":28,"column":36},"end":{"line":28,"column":37}},"loc":{"start":{"line":28,"column":48},"end":{"line":28,"column":66}},"line":28},"8":{"name":"(anonymous_8)","decl":{"start":{"line":31,"column":2},"end":{"line":31,"column":3}},"loc":{"start":{"line":31,"column":13},"end":{"line":38,"column":3}},"line":31},"9":{"name":"(anonymous_9)","decl":{"start":{"line":40,"column":2},"end":{"line":40,"column":3}},"loc":{"start":{"line":40,"column":11},"end":{"line":42,"column":3}},"line":40}},"branchMap":{"0":{"loc":{"start":{"line":20,"column":4},"end":{"line":23,"column":5}},"type":"if","locations":[{"start":{"line":20,"column":4},"end":{"line":23,"column":5}},{"start":{},"end":{}}],"line":20},"1":{"loc":{"start":{"line":33,"column":4},"end":{"line":36,"column":5}},"type":"if","locations":[{"start":{"line":33,"column":4},"end":{"line":36,"column":5}},{"start":{},"end":{}}],"line":33}},"s":{"0":22,"1":22,"2":44,"3":2,"4":2,"5":2,"6":7,"7":10,"8":3,"9":3,"10":3,"11":2,"12":2,"13":1,"14":17,"15":18,"16":14,"17":14,"18":10,"19":10,"20":4,"21":18},"f":{"0":22,"1":44,"2":2,"3":7,"4":10,"5":3,"6":17,"7":18,"8":14,"9":18},"b":{"0":[2,1],"1":[10,4]},"_coverageSchema":"1a1c01bbd47fc00a2c39e90264f33305004495a9","hash":"6ca18f8847c58f3aa8b0380b7105eaf30b16666a"}
,"C:\\Users\\horia\\Faculta\\Sem4\\MPP\\tjf\\src\\services\\Service.jsx": {"path":"C:\\Users\\horia\\Faculta\\Sem4\\MPP\\tjf\\src\\services\\Service.jsx","statementMap":{"0":{"start":{"line":3,"column":8},"end":{"line":3,"column":31}},"1":{"start":{"line":7,"column":8},"end":{"line":7,"column":34}},"2":{"start":{"line":11,"column":8},"end":{"line":11,"column":67}},"3":{"start":{"line":11,"column":55},"end":{"line":11,"column":67}},"4":{"start":{"line":12,"column":28},"end":{"line":12,"column":71}},"5":{"start":{"line":13,"column":8},"end":{"line":13,"column":27}},"6":{"start":{"line":17,"column":8},"end":{"line":17,"column":75}},"7":{"start":{"line":21,"column":8},"end":{"line":21,"column":70}},"8":{"start":{"line":25,"column":22},"end":{"line":25,"column":43}},"9":{"start":{"line":27,"column":8},"end":{"line":29,"column":9}},"10":{"start":{"line":28,"column":12},"end":{"line":28,"column":25}},"11":{"start":{"line":31,"column":35},"end":{"line":31,"column":69}},"12":{"start":{"line":33,"column":21},"end":{"line":33,"column":51}},"13":{"start":{"line":35,"column":8},"end":{"line":35,"column":102}},"14":{"start":{"line":39,"column":8},"end":{"line":39,"column":34}},"15":{"start":{"line":43,"column":8},"end":{"line":43,"column":73}},"16":{"start":{"line":43,"column":61},"end":{"line":43,"column":73}},"17":{"start":{"line":44,"column":8},"end":{"line":44,"column":72}},"18":{"start":{"line":48,"column":8},"end":{"line":48,"column":36}},"19":{"start":{"line":52,"column":8},"end":{"line":54,"column":10}},"20":{"start":{"line":53,"column":12},"end":{"line":53,"column":101}},"21":{"start":{"line":58,"column":8},"end":{"line":58,"column":78}},"22":{"start":{"line":62,"column":8},"end":{"line":62,"column":88}}},"fnMap":{"0":{"name":"(anonymous_0)","decl":{"start":{"line":2,"column":4},"end":{"line":2,"column":5}},"loc":{"start":{"line":2,"column":28},"end":{"line":4,"column":5}},"line":2},"1":{"name":"(anonymous_1)","decl":{"start":{"line":6,"column":4},"end":{"line":6,"column":5}},"loc":{"start":{"line":6,"column":13},"end":{"line":8,"column":5}},"line":6},"2":{"name":"(anonymous_2)","decl":{"start":{"line":10,"column":4},"end":{"line":10,"column":5}},"loc":{"start":{"line":10,"column":38},"end":{"line":14,"column":5}},"line":10},"3":{"name":"(anonymous_3)","decl":{"start":{"line":16,"column":4},"end":{"line":16,"column":5}},"loc":{"start":{"line":16,"column":41},"end":{"line":18,"column":5}},"line":16},"4":{"name":"(anonymous_4)","decl":{"start":{"line":20,"column":4},"end":{"line":20,"column":5}},"loc":{"start":{"line":20,"column":26},"end":{"line":22,"column":5}},"line":20},"5":{"name":"(anonymous_5)","decl":{"start":{"line":24,"column":4},"end":{"line":24,"column":5}},"loc":{"start":{"line":24,"column":29},"end":{"line":36,"column":5}},"line":24},"6":{"name":"(anonymous_6)","decl":{"start":{"line":38,"column":4},"end":{"line":38,"column":5}},"loc":{"start":{"line":38,"column":13},"end":{"line":40,"column":5}},"line":38},"7":{"name":"(anonymous_7)","decl":{"start":{"line":42,"column":4},"end":{"line":42,"column":5}},"loc":{"start":{"line":42,"column":51},"end":{"line":45,"column":5}},"line":42},"8":{"name":"(anonymous_8)","decl":{"start":{"line":47,"column":4},"end":{"line":47,"column":5}},"loc":{"start":{"line":47,"column":15},"end":{"line":49,"column":5}},"line":47},"9":{"name":"(anonymous_9)","decl":{"start":{"line":51,"column":4},"end":{"line":51,"column":5}},"loc":{"start":{"line":51,"column":40},"end":{"line":55,"column":5}},"line":51},"10":{"name":"(anonymous_10)","decl":{"start":{"line":52,"column":36},"end":{"line":52,"column":37}},"loc":{"start":{"line":53,"column":12},"end":{"line":53,"column":101}},"line":53},"11":{"name":"(anonymous_11)","decl":{"start":{"line":57,"column":4},"end":{"line":57,"column":5}},"loc":{"start":{"line":57,"column":40},"end":{"line":59,"column":5}},"line":57},"12":{"name":"(anonymous_12)","decl":{"start":{"line":61,"column":4},"end":{"line":61,"column":5}},"loc":{"start":{"line":61,"column":45},"end":{"line":63,"column":5}},"line":61}},"branchMap":{"0":{"loc":{"start":{"line":11,"column":8},"end":{"line":11,"column":67}},"type":"if","locations":[{"start":{"line":11,"column":8},"end":{"line":11,"column":67}},{"start":{},"end":{}}],"line":11},"1":{"loc":{"start":{"line":17,"column":15},"end":{"line":17,"column":74}},"type":"binary-expr","locations":[{"start":{"line":17,"column":15},"end":{"line":17,"column":41}},{"start":{"line":17,"column":45},"end":{"line":17,"column":74}}],"line":17},"2":{"loc":{"start":{"line":21,"column":15},"end":{"line":21,"column":69}},"type":"binary-expr","locations":[{"start":{"line":21,"column":15},"end":{"line":21,"column":39}},{"start":{"line":21,"column":43},"end":{"line":21,"column":54}},{"start":{"line":21,"column":58},"end":{"line":21,"column":69}}],"line":21},"3":{"loc":{"start":{"line":27,"column":8},"end":{"line":29,"column":9}},"type":"if","locations":[{"start":{"line":27,"column":8},"end":{"line":29,"column":9}},{"start":{},"end":{}}],"line":27},"4":{"loc":{"start":{"line":35,"column":15},"end":{"line":35,"column":101}},"type":"binary-expr","locations":[{"start":{"line":35,"column":15},"end":{"line":35,"column":42}},{"start":{"line":35,"column":46},"end":{"line":35,"column":75}},{"start":{"line":35,"column":79},"end":{"line":35,"column":101}}],"line":35},"5":{"loc":{"start":{"line":43,"column":8},"end":{"line":43,"column":73}},"type":"if","locations":[{"start":{"line":43,"column":8},"end":{"line":43,"column":73}},{"start":{},"end":{}}],"line":43},"6":{"loc":{"start":{"line":53,"column":12},"end":{"line":53,"column":101}},"type":"binary-expr","locations":[{"start":{"line":53,"column":12},"end":{"line":53,"column":52}},{"start":{"line":53,"column":56},"end":{"line":53,"column":101}}],"line":53},"7":{"loc":{"start":{"line":62,"column":15},"end":{"line":62,"column":87}},"type":"binary-expr","locations":[{"start":{"line":62,"column":15},"end":{"line":62,"column":42}},{"start":{"line":62,"column":46},"end":{"line":62,"column":87}}],"line":62}},"s":{"0":14,"1":14,"2":6,"3":5,"4":1,"5":1,"6":8,"7":8,"8":4,"9":4,"10":1,"11":3,"12":3,"13":3,"14":4,"15":2,"16":1,"17":1,"18":7,"19":10,"20":20,"21":20,"22":14},"f":{"0":14,"1":14,"2":6,"3":8,"4":8,"5":4,"6":4,"7":2,"8":7,"9":10,"10":20,"11":20,"12":14},"b":{"0":[5,1],"1":[8,4],"2":[8,7,6],"3":[1,3],"4":[3,2,2],"5":[1,1],"6":[20,14],"7":[14,10]},"_coverageSchema":"1a1c01bbd47fc00a2c39e90264f33305004495a9","hash":"7275a40e7c6893db5ed0d96a7d25f3128c18b038"}
}
